OBJECT CONFIDENCE        TIME
person 94.97784972190857 11:06:05 02/10/18 IST
person 93.35947036743164 11:06:07 02/10/18 IST
dog 80.93227744102478 11:06:09 02/10/18 IST
person 93.14380288124084 11:06:11 02/10/18 IST
person 97.54392504692078 11:06:13 02/10/18 IST
person 85.59171557426453 11:06:15 02/10/18 IST
person 86.88639998435974 11:06:17 02/10/18 IST
cell phone 88.14188838005066 11:06:19 02/10/18 IST
cell phone 95.62371969223022 11:06:21 02/10/18 IST
cell phone 97.28161096572876 11:09:35 02/10/18 IST
cell phone 95.75308561325073 11:09:39 02/10/18 IST
bottle 96.54045701026917 11:09:42 02/10/18 IST
bottle 95.86670398712158 11:09:43 02/10/18 IST
bottle 97.54178524017334 11:09:45 02/10/18 IST
person 92.18102693557739 11:09:46 02/10/18 IST
person 94.16959881782532 11:09:48 02/10/18 IST
laptop 95.54632306098938 11:09:50 02/10/18 IST
laptop 97.58843183517456 11:09:52 02/10/18 IST
laptop 95.4887330532074 11:09:54 02/10/18 IST
laptop 97.1351146697998 11:09:56 02/10/18 IST
laptop 97.46513962745667 11:09:57 02/10/18 IST
laptop 86.12704277038574 11:12:12 02/10/18 IST
laptop 86.37887835502625 11:12:15 02/10/18 IST
laptop 81.77328109741211 11:12:16 02/10/18 IST
laptop 83.84827375411987 11:12:18 02/10/18 IST
laptop 84.48519110679626 11:12:20 02/10/18 IST
laptop 81.558758020401 11:12:21 02/10/18 IST
laptop 88.51361870765686 11:12:23 02/10/18 IST
laptop 87.44445443153381 11:12:25 02/10/18 IST
laptop 86.30198240280151 11:12:27 02/10/18 IST
keyboard 86.26253604888916 11:12:28 02/10/18 IST
laptop 86.03705763816833 11:12:30 02/10/18 IST
laptop 87.35700249671936 11:12:32 02/10/18 IST
laptop 88.17075490951538 11:12:33 02/10/18 IST
laptop 86.2212061882019 11:12:35 02/10/18 IST
laptop 86.2430214881897 11:12:37 02/10/18 IST
laptop 85.81209182739258 11:12:38 02/10/18 IST
laptop 84.4639241695404 11:12:40 02/10/18 IST
laptop 80.12114763259888 11:12:42 02/10/18 IST
laptop 84.12505984306335 11:12:44 02/10/18 IST
laptop 82.26539492607117 11:12:45 02/10/18 IST
keyboard 94.65140104293823 11:12:47 02/10/18 IST
keyboard 94.47398781776428 11:12:48 02/10/18 IST
keyboard 94.96784806251526 11:12:50 02/10/18 IST
keyboard 94.00119185447693 11:12:52 02/10/18 IST
keyboard 89.5082175731659 11:12:53 02/10/18 IST
keyboard 94.18932795524597 11:12:55 02/10/18 IST
keyboard 94.11637783050537 11:12:56 02/10/18 IST
keyboard 91.71191453933716 11:12:58 02/10/18 IST
keyboard 89.55162763595581 11:13:00 02/10/18 IST
laptop 86.43921613693237 11:13:01 02/10/18 IST
laptop 87.82989978790283 11:13:03 02/10/18 IST
person 91.59016013145447 11:13:04 02/10/18 IST
person 88.99892568588257 11:13:06 02/10/18 IST
person 84.99006032943726 11:13:08 02/10/18 IST
person 84.4731330871582 11:13:09 02/10/18 IST
person 87.10798621177673 11:13:11 02/10/18 IST
person 83.91318321228027 11:13:12 02/10/18 IST
person 81.49422407150269 11:13:14 02/10/18 IST
person 81.47456049919128 11:13:15 02/10/18 IST
person 88.29971551895142 11:13:17 02/10/18 IST
person 83.9874267578125 11:13:19 02/10/18 IST
laptop 81.11030459403992 14:40:08 02/10/18 IST
laptop 88.62029910087585 14:40:09 02/10/18 IST
laptop 86.59049272537231 14:40:11 02/10/18 IST
laptop 86.18488907814026 14:40:12 02/10/18 IST
laptop 84.34337377548218 14:40:14 02/10/18 IST
chair 95.09117603302002 14:40:15 02/10/18 IST
chair 89.29827809333801 14:40:26 02/10/18 IST
cell phone 91.4990484714508 14:40:31 02/10/18 IST
cell phone 96.93109393119812 14:40:33 02/10/18 IST
chair 85.99680066108704 14:40:35 02/10/18 IST
chair 84.63864326477051 14:40:36 02/10/18 IST
chair 97.43866920471191 14:40:37 02/10/18 IST
bottle 93.47419738769531 14:40:40 02/10/18 IST
bottle 95.51280736923218 14:40:42 02/10/18 IST
bottle 93.57116222381592 14:40:43 02/10/18 IST
bottle 95.22994756698608 14:40:44 02/10/18 IST
bottle 96.04805111885071 14:40:45 02/10/18 IST
bottle 93.3176577091217 14:40:47 02/10/18 IST
bottle 92.8494393825531 14:40:48 02/10/18 IST
bottle 92.86441802978516 14:40:49 02/10/18 IST
microwave 80.17388582229614 14:57:37 02/10/18 IST
laptop 82.96971917152405 22:24:00 02/12/18 IST
laptop 80.71070313453674 22:24:01 02/12/18 IST
laptop 84.79079604148865 22:24:03 02/12/18 IST
laptop 85.0963830947876 22:24:05 02/12/18 IST
laptop 87.45378255844116 22:24:07 02/12/18 IST
laptop 87.08011507987976 22:24:09 02/12/18 IST
laptop 89.58711624145508 22:24:10 02/12/18 IST
laptop 89.95954394340515 22:24:14 02/12/18 IST
laptop 88.68390321731567 22:24:16 02/12/18 IST
laptop 85.74305176734924 22:24:19 02/12/18 IST
laptop 82.76249766349792 22:24:21 02/12/18 IST
laptop 82.76249766349792 22:24:22 02/12/18 IST
laptop 81.33590817451477 22:24:26 02/12/18 IST
laptop 81.31588697433472 22:24:34 02/12/18 IST
laptop 80.1465630531311 22:24:44 02/12/18 IST
laptop 85.07031202316284 22:24:49 02/12/18 IST
laptop 83.73070955276489 22:24:50 02/12/18 IST
laptop 83.55735540390015 22:24:52 02/12/18 IST
laptop 83.5782527923584 22:24:53 02/12/18 IST
laptop 84.115731716156 22:24:55 02/12/18 IST
laptop 87.64515519142151 22:24:56 02/12/18 IST
laptop 85.5859100818634 22:24:58 02/12/18 IST
laptop 85.60571670532227 22:24:59 02/12/18 IST
laptop 85.24243831634521 22:25:01 02/12/18 IST
laptop 83.17296504974365 22:25:02 02/12/18 IST
laptop 83.64144563674927 22:25:03 02/12/18 IST
laptop 81.78446292877197 22:25:05 02/12/18 IST
person 87.46641278266907 22:25:16 02/12/18 IST
person 89.34869170188904 22:25:18 02/12/18 IST
person 85.99457144737244 22:25:21 02/12/18 IST
cell phone 81.21142387390137 12:02:27 02/13/18 IST
cell phone 80.3393304347992 12:02:29 02/13/18 IST
tv 80.44390678405762 12:02:31 02/13/18 IST
tv 90.14437794685364 12:02:33 02/13/18 IST
tv 91.50401949882507 12:02:34 02/13/18 IST
laptop 86.98698282241821 12:02:36 02/13/18 IST
laptop 97.2934901714325 12:02:38 02/13/18 IST
laptop 90.63529968261719 12:02:39 02/13/18 IST
laptop 81.2850296497345 12:02:41 02/13/18 IST
laptop 85.89692711830139 12:02:48 02/13/18 IST
laptop 97.57421016693115 12:02:49 02/13/18 IST
keyboard 93.18891763687134 12:02:51 02/13/18 IST
bus 84.15208458900452 12:02:52 02/13/18 IST
laptop 85.16742587089539 12:02:54 02/13/18 IST
laptop 94.25742030143738 12:02:55 02/13/18 IST
laptop 90.19296765327454 12:02:57 02/13/18 IST
keyboard 90.5413269996643 12:03:00 02/13/18 IST
keyboard 91.96702837944031 12:03:01 02/13/18 IST
laptop 87.45222687721252 12:03:03 02/13/18 IST
tv 85.40330529212952 12:03:04 02/13/18 IST
tv 88.34133744239807 12:03:05 02/13/18 IST
broccoli 86.49380803108215 12:03:20 02/13/18 IST
person 91.67025089263916 12:03:25 02/13/18 IST
broccoli 86.84250116348267 12:03:27 02/13/18 IST
person 88.23165893554688 12:03:30 02/13/18 IST
person 86.59362196922302 12:03:33 02/13/18 IST
person 94.19801235198975 12:03:36 02/13/18 IST
person 99.45361614227295 12:03:38 02/13/18 IST
person 98.9753007888794 12:03:39 02/13/18 IST
person 98.60430955886841 12:03:40 02/13/18 IST
person 96.48088812828064 12:03:42 02/13/18 IST
person 85.08068323135376 12:03:45 02/13/18 IST
remote 94.20410394668579 12:03:55 02/13/18 IST
remote 96.37042284011841 12:03:56 02/13/18 IST
